
> react-project-kit@1.0.0 dev
> webpack-dev-server --config config/webpack.dev.js

<i> [webpack-dev-server] Project is running at:
<i> [webpack-dev-server] Loopback: http://localhost:8081/
<i> [webpack-dev-server] On Your Network (IPv4): http://192.168.1.210:8081/
<i> [webpack-dev-server] Content not from webpack is served from '/opt/stacks/hackathon2-gyeonggiBus/frontend/public' directory
<i> [webpack-dev-server] 404s will fallback to '/index.html'
asset main.2963d3d1e6004a80babf.js 9.69 MiB [emitted] [immutable] (name: main)
asset index.html 321 bytes [emitted]
orphan modules 1.53 MiB [orphan] 1645 modules
runtime modules 28 KiB 15 modules
cacheable modules 3.32 MiB
  modules by path ./node_modules/ 3.13 MiB 758 modules
  modules by path ./src/ 190 KiB
    modules by path ./src/components/ 101 KiB 13 modules
    modules by path ./src/api/*.tsx 47.5 KiB 5 modules
    modules by path ./src/*.tsx 1.58 KiB
      ./src/index.tsx 236 bytes [built] [code generated]
      + 2 modules
    modules by path ./src/*.css 35.2 KiB
      ./src/global.css 2.37 KiB [built] [code generated]
      ./node_modules/css-loader/dist/cjs.js!./node_modules/postcss-loader/dist/cjs.js!./src/global.css 32.9 KiB [built] [code generated]
    ./src/pages/RouteStatisticsPage.tsx 4.38 KiB [built] [code generated]
    ./src/lib/utils.ts 262 bytes [built] [code generated]
webpack 5.93.0 compiled successfully in 4997 ms
assets by path *.js 9.69 MiB
  asset main.1daa60b0f2ab06a084d5.js 9.69 MiB [emitted] [immutable] (name: main)
  asset main.8b112be980afe7de2090.hot-update.js 757 bytes [emitted] [immutable] [hmr] (name: main)
asset index.html 321 bytes [emitted]
asset main.8b112be980afe7de2090.hot-update.json 28 bytes [emitted] [immutable] [hmr]
Entrypoint main 9.69 MiB = main.1daa60b0f2ab06a084d5.js 9.69 MiB main.8b112be980afe7de2090.hot-update.js 757 bytes
cached modules 4.82 MiB [cached] 2427 modules
runtime modules 28 KiB 15 modules
./node_modules/css-loader/dist/cjs.js!./node_modules/postcss-loader/dist/cjs.js!./src/global.css 32.9 KiB [built]
webpack 5.93.0 compiled successfully in 499 ms
<i> [webpack-dev-server] Gracefully shutting down. To force exit, press ^C again. Please wait...

> react-project-kit@1.0.0 dev
> webpack-dev-server --config config/webpack.dev.js

<i> [webpack-dev-server] Project is running at:
<i> [webpack-dev-server] Loopback: http://localhost:8081/
<i> [webpack-dev-server] On Your Network (IPv4): http://192.168.1.210:8081/
<i> [webpack-dev-server] Content not from webpack is served from '/opt/stacks/hackathon2-gyeonggiBus/frontend/public' directory
<i> [webpack-dev-server] 404s will fallback to '/index.html'
asset main.2963d3d1e6004a80babf.js 9.69 MiB [emitted] [immutable] (name: main)
asset index.html 321 bytes [emitted]
orphan modules 1.53 MiB [orphan] 1645 modules
runtime modules 28 KiB 15 modules
cacheable modules 3.32 MiB
  modules by path ./node_modules/ 3.13 MiB 758 modules
  modules by path ./src/ 190 KiB
    modules by path ./src/components/ 101 KiB 13 modules
    modules by path ./src/api/*.tsx 47.5 KiB 5 modules
    modules by path ./src/*.tsx 1.58 KiB
      ./src/index.tsx 236 bytes [built] [code generated]
      + 2 modules
    modules by path ./src/*.css 35.2 KiB
      ./src/global.css 2.37 KiB [built] [code generated]
      ./node_modules/css-loader/dist/cjs.js!./node_modules/postcss-loader/dist/cjs.js!./src/global.css 32.9 KiB [built] [code generated]
    ./src/pages/RouteStatisticsPage.tsx 4.38 KiB [built] [code generated]
    ./src/lib/utils.ts 262 bytes [built] [code generated]
webpack 5.93.0 compiled successfully in 5009 ms
assets by path *.js 9.69 MiB
  asset main.1daa60b0f2ab06a084d5.js 9.69 MiB [emitted] [immutable] (name: main)
  asset main.8b112be980afe7de2090.hot-update.js 757 bytes [emitted] [immutable] [hmr] (name: main)
asset index.html 321 bytes [emitted]
asset main.8b112be980afe7de2090.hot-update.json 28 bytes [emitted] [immutable] [hmr]
Entrypoint main 9.69 MiB = main.1daa60b0f2ab06a084d5.js 9.69 MiB main.8b112be980afe7de2090.hot-update.js 757 bytes
cached modules 4.82 MiB [cached] 2427 modules
runtime modules 28 KiB 15 modules
./node_modules/css-loader/dist/cjs.js!./node_modules/postcss-loader/dist/cjs.js!./src/global.css 32.9 KiB [built]
webpack 5.93.0 compiled successfully in 489 ms
